2024-10-30 16:00:29 [restartedMain] INFO  c.F.f.FormationApiApplication - Starting FormationApiApplication using Java 1.8.0_411 on LAPTOP-G0FPLGLS with PID 13012 (C:\Users\yc\Desktop\AURA\sprint3\Mokhlis_belhaj_S3_B2_FormaPro\formation-api\formation-api\target\classes started by YC in C:\Users\yc\Desktop\AURA\sprint3\Mokhlis_belhaj_S3_B2_FormaPro\formation-api\formation-api)
2024-10-30 16:00:29 [restartedMain] DEBUG c.F.f.FormationApiApplication - Running with Spring Boot v2.7.18, Spring v5.3.31
2024-10-30 16:00:29 [restartedMain] INFO  c.F.f.FormationApiApplication - The following 2 profiles are active: "secrets", "dev"
2024-10-30 16:00:29 [restartedMain] INFO  o.s.d.r.c.RepositoryConfigurationDelegate - Bootstrapping Spring Data JPA repositories in DEFAULT mode.
2024-10-30 16:00:29 [restartedMain] INFO  o.s.d.r.c.RepositoryConfigurationDelegate - Finished Spring Data repository scanning in 1 ms. Found 0 JPA repository interfaces.
2024-10-30 16:00:29 [restartedMain] INFO  o.s.b.w.e.tomcat.TomcatWebServer - Tomcat initialized with port(s): 8086 (http)
2024-10-30 16:00:29 [restartedMain] INFO  o.a.catalina.core.StandardService - Starting service [Tomcat]
2024-10-30 16:00:29 [restartedMain] INFO  o.a.catalina.core.StandardEngine - Starting Servlet engine: [Apache Tomcat/9.0.83]
2024-10-30 16:00:29 [restartedMain] INFO  o.a.c.c.C.[Tomcat-3].[localhost].[/] - Initializing Spring embedded WebApplicationContext
2024-10-30 16:00:29 [restartedMain] INFO  o.s.b.w.s.c.ServletWebServerApplicationContext - Root WebApplicationContext: initialization completed in 272 ms
2024-10-30 16:00:29 [restartedMain] INFO  com.zaxxer.hikari.HikariDataSource - HikariPool-34 - Starting...
2024-10-30 16:00:29 [restartedMain] INFO  com.zaxxer.hikari.HikariDataSource - HikariPool-34 - Start completed.
2024-10-30 16:00:29 [restartedMain] INFO  o.s.b.a.h.H2ConsoleAutoConfiguration - H2 console available at '/h2-console'. Database available at 'jdbc:h2:mem:formationdb'
2024-10-30 16:00:29 [restartedMain] INFO  o.h.jpa.internal.util.LogHelper - HHH000204: Processing PersistenceUnitInfo [name: default]
2024-10-30 16:00:29 [restartedMain] INFO  org.hibernate.dialect.Dialect - HHH000400: Using dialect: org.hibernate.dialect.H2Dialect
2024-10-30 16:00:29 [restartedMain] INFO  o.h.e.t.j.p.i.JtaPlatformInitiator - HHH000490: Using JtaPlatform implementation: [org.hibernate.engine.transaction.jta.platform.internal.NoJtaPlatform]
2024-10-30 16:00:29 [restartedMain] INFO  o.s.o.j.LocalContainerEntityManagerFactoryBean - Initialized JPA EntityManagerFactory for persistence unit 'default'
2024-10-30 16:00:29 [restartedMain] WARN  o.s.b.a.o.j.JpaBaseConfiguration$JpaWebConfiguration - spring.jpa.open-in-view is enabled by default. Therefore, database queries may be performed during view rendering. Explicitly configure spring.jpa.open-in-view to disable this warning
2024-10-30 16:00:29 [restartedMain] INFO  o.s.b.d.a.OptionalLiveReloadServer - LiveReload server is running on port 35729
2024-10-30 16:00:29 [restartedMain] INFO  o.s.b.w.e.tomcat.TomcatWebServer - Tomcat started on port(s): 8086 (http) with context path ''
2024-10-30 16:00:29 [restartedMain] INFO  c.F.f.FormationApiApplication - Started FormationApiApplication in 0.501 seconds (JVM running for 3056.631)
2024-10-30 16:00:29 [restartedMain] INFO  o.s.b.d.a.ConditionEvaluationDeltaLoggingListener - Condition evaluation unchanged
2024-10-30 16:00:45 [File Watcher] INFO  o.s.b.d.a.LocalDevToolsAutoConfiguration$RestartingClassPathChangeChangedEventListener - Restarting due to 1 class path change (0 additions, 0 deletions, 1 modification)
2024-10-30 16:00:45 [Thread-134] INFO  o.a.catalina.core.StandardService - Stopping service [Tomcat]
2024-10-30 16:00:45 [Thread-134] INFO  o.s.o.j.LocalContainerEntityManagerFactoryBean - Closing JPA EntityManagerFactory for persistence unit 'default'
2024-10-30 16:00:45 [Thread-134] WARN  o.s.b.f.s.DisposableBeanAdapter - Invocation of destroy method failed on bean with name 'inMemoryDatabaseShutdownExecutor': org.h2.jdbc.JdbcSQLNonTransientConnectionException: La base de données est déjà fermée (pour désactiver la fermeture automatique à l'arrêt de la VM, ajoutez "; DB_CLOSE_ON_EXIT = FALSE" à l'URL db)
Database is already closed (to disable automatic closing at VM shutdown, add ";DB_CLOSE_ON_EXIT=FALSE" to the db URL) [90121-214]
2024-10-30 16:00:45 [Thread-134] INFO  com.zaxxer.hikari.HikariDataSource - HikariPool-34 - Shutdown initiated...
2024-10-30 16:00:45 [Thread-134] INFO  com.zaxxer.hikari.HikariDataSource - HikariPool-34 - Shutdown completed.
2024-10-30 16:00:45 [restartedMain] INFO  c.F.f.FormationApiApplication - Starting FormationApiApplication using Java 1.8.0_411 on LAPTOP-G0FPLGLS with PID 13012 (C:\Users\yc\Desktop\AURA\sprint3\Mokhlis_belhaj_S3_B2_FormaPro\formation-api\formation-api\target\classes started by YC in C:\Users\yc\Desktop\AURA\sprint3\Mokhlis_belhaj_S3_B2_FormaPro\formation-api\formation-api)
2024-10-30 16:00:45 [restartedMain] DEBUG c.F.f.FormationApiApplication - Running with Spring Boot v2.7.18, Spring v5.3.31
2024-10-30 16:00:45 [restartedMain] INFO  c.F.f.FormationApiApplication - The following 2 profiles are active: "secrets", "dev"
2024-10-30 16:00:46 [restartedMain] INFO  o.s.d.r.c.RepositoryConfigurationDelegate - Bootstrapping Spring Data JPA repositories in DEFAULT mode.
2024-10-30 16:00:46 [restartedMain] INFO  o.s.d.r.c.RepositoryConfigurationDelegate - Finished Spring Data repository scanning in 1 ms. Found 0 JPA repository interfaces.
2024-10-30 16:00:46 [restartedMain] INFO  o.s.b.w.e.tomcat.TomcatWebServer - Tomcat initialized with port(s): 8086 (http)
2024-10-30 16:00:46 [restartedMain] INFO  o.a.catalina.core.StandardService - Starting service [Tomcat]
2024-10-30 16:00:46 [restartedMain] INFO  o.a.catalina.core.StandardEngine - Starting Servlet engine: [Apache Tomcat/9.0.83]
2024-10-30 16:00:46 [restartedMain] INFO  o.a.c.c.C.[Tomcat-3].[localhost].[/] - Initializing Spring embedded WebApplicationContext
2024-10-30 16:00:46 [restartedMain] INFO  o.s.b.w.s.c.ServletWebServerApplicationContext - Root WebApplicationContext: initialization completed in 262 ms
2024-10-30 16:00:46 [restartedMain] INFO  com.zaxxer.hikari.HikariDataSource - HikariPool-35 - Starting...
2024-10-30 16:00:46 [restartedMain] INFO  com.zaxxer.hikari.HikariDataSource - HikariPool-35 - Start completed.
2024-10-30 16:00:46 [restartedMain] INFO  o.s.b.a.h.H2ConsoleAutoConfiguration - H2 console available at '/h2-console'. Database available at 'jdbc:h2:mem:formationdb'
2024-10-30 16:00:46 [restartedMain] INFO  o.h.jpa.internal.util.LogHelper - HHH000204: Processing PersistenceUnitInfo [name: default]
2024-10-30 16:00:46 [restartedMain] INFO  org.hibernate.dialect.Dialect - HHH000400: Using dialect: org.hibernate.dialect.H2Dialect
2024-10-30 16:00:46 [restartedMain] INFO  o.h.e.t.j.p.i.JtaPlatformInitiator - HHH000490: Using JtaPlatform implementation: [org.hibernate.engine.transaction.jta.platform.internal.NoJtaPlatform]
2024-10-30 16:00:46 [restartedMain] INFO  o.s.o.j.LocalContainerEntityManagerFactoryBean - Initialized JPA EntityManagerFactory for persistence unit 'default'
2024-10-30 16:00:46 [restartedMain] WARN  o.s.b.a.o.j.JpaBaseConfiguration$JpaWebConfiguration - spring.jpa.open-in-view is enabled by default. Therefore, database queries may be performed during view rendering. Explicitly configure spring.jpa.open-in-view to disable this warning
2024-10-30 16:00:46 [restartedMain] INFO  o.s.b.d.a.OptionalLiveReloadServer - LiveReload server is running on port 35729
2024-10-30 16:00:46 [restartedMain] INFO  o.s.b.w.e.tomcat.TomcatWebServer - Tomcat started on port(s): 8086 (http) with context path ''
2024-10-30 16:00:46 [restartedMain] INFO  c.F.f.FormationApiApplication - Started FormationApiApplication in 0.413 seconds (JVM running for 3073.13)
2024-10-30 16:00:46 [restartedMain] INFO  o.s.b.d.a.ConditionEvaluationDeltaLoggingListener - Condition evaluation unchanged
2024-10-30 19:34:18 [HikariPool-35 housekeeper] WARN  com.zaxxer.hikari.pool.HikariPool - HikariPool-35 - Thread starvation or clock leap detected (housekeeper delta=2h3m30s559ms711µs900ns).
